0 info it worked if it ends with ok
1 verbose cli [ 'C:\\Program Files\\nodejs\\node.exe',
1 verbose cli   'C:\\Program Files\\nodejs\\node_modules\\npm\\bin\\npm-cli.js',
1 verbose cli   'run',
1 verbose cli   'dev' ]
2 info using npm@3.10.10
3 info using node@v6.11.0
4 verbose run-script [ 'predev', 'dev', 'postdev' ]
5 info lifecycle insuredpacket@~predev: insuredpacket@
6 silly lifecycle insuredpacket@~predev: no script for predev, continuing
7 info lifecycle insuredpacket@~dev: insuredpacket@
8 verbose lifecycle insuredpacket@~dev: unsafe-perm in lifecycle true
9 verbose lifecycle insuredpacket@~dev: PATH: C:\Program Files\nodejs\node_modules\npm\bin\node-gyp-bin;d:\chr\IT\f2f\find\node_modules\.bin;C:\Program Files\Git\mingw64\bin;C:\Program Files\Git\usr\bin;C:\Users\Administrator\bin;C:\Windows\system32;C:\Windows;C:\Windows\System32\Wbem;C:\Windows\System32\WindowsPowerShell\v1.0;C:\Program Files\nodejs;C:\Program Files\Git\cmd;C:\Users\Administrator\AppData\Roaming\npm;D:\software\VSCode\Microsoft VS Code\bin
10 verbose lifecycle insuredpacket@~dev: CWD: d:\chr\IT\f2f\find
11 silly lifecycle insuredpacket@~dev: Args: [ '/d /s /c',
11 silly lifecycle   'cross-env NODE_ENV=dev wepy build --no-cache --watch' ]
12 silly lifecycle insuredpacket@~dev: Returned: code: 1  signal: null
13 info lifecycle insuredpacket@~dev: Failed to exec dev script
14 verbose stack Error: insuredpacket@ dev: `cross-env NODE_ENV=dev wepy build --no-cache --watch`
14 verbose stack Exit status 1
14 verbose stack     at EventEmitter.<anonymous> (C:\Program Files\nodejs\node_modules\npm\lib\utils\lifecycle.js:255:16)
14 verbose stack     at emitTwo (events.js:106:13)
14 verbose stack     at EventEmitter.emit (events.js:191:7)
14 verbose stack     at ChildProcess.<anonymous> (C:\Program Files\nodejs\node_modules\npm\lib\utils\spawn.js:40:14)
14 verbose stack     at emitTwo (events.js:106:13)
14 verbose stack     at ChildProcess.emit (events.js:191:7)
14 verbose stack     at maybeClose (internal/child_process.js:891:16)
14 verbose stack     at Process.ChildProcess._handle.onexit (internal/child_process.js:226:5)
15 verbose pkgid insuredpacket@
16 verbose cwd d:\chr\IT\f2f\find
17 error Windows_NT 6.1.7601
18 error argv "C:\\Program Files\\nodejs\\node.exe" "C:\\Program Files\\nodejs\\node_modules\\npm\\bin\\npm-cli.js" "run" "dev"
19 error node v6.11.0
20 error npm  v3.10.10
21 error code ELIFECYCLE
22 error insuredpacket@ dev: `cross-env NODE_ENV=dev wepy build --no-cache --watch`
22 error Exit status 1
23 error Failed at the insuredpacket@ dev script 'cross-env NODE_ENV=dev wepy build --no-cache --watch'.
23 error Make sure you have the latest version of node.js and npm installed.
23 error If you do, this is most likely a problem with the insuredpacket package,
23 error not with npm itself.
23 error Tell the author that this fails on your system:
23 error     cross-env NODE_ENV=dev wepy build --no-cache --watch
23 error You can get information on how to open an issue for this project with:
23 error     npm bugs insuredpacket
23 error Or if that isn't available, you can get their info via:
23 error     npm owner ls insuredpacket
23 error There is likely additional logging output above.
24 verbose exit [ 1, true ]
